kotlin version: 2.0.0
error message: org.jetbrains.kotlin.backend.common.BackendException: Backend Internal error: Exception during IR lowering
File being compiled: /Users/hanchilee/AndroidStudioProjects/RecipeTest/recipe/src/main/java/com/hcdev/recipe/ui/composables/RecipeList.kt
The root cause java.lang.RuntimeException was thrown at: org.jetbrains.kotlin.backend.jvm.codegen.FunctionCodegen.generate(FunctionCodegen.kt:50)
	at org.jetbrains.kotlin.backend.common.CodegenUtil.reportBackendException(CodegenUtil.kt:253)
	at org.jetbrains.kotlin.backend.common.CodegenUtil.reportBackendException$default(CodegenUtil.kt:236)
	at org.jetbrains.kotlin.backend.common.phaser.PerformByIrFilePhase.invokeSequential(performByIrFile.kt:65)
	at org.jetbrains.kotlin.backend.common.phaser.PerformByIrFilePhase.invoke(performByIrFile.kt:52)
	at org.jetbrains.kotlin.backend.common.phaser.PerformByIrFilePhase.invoke(performByIrFile.kt:38)
	at org.jetbrains.kotlin.backend.common.phaser.NamedCompilerPhase.phaseBody(CompilerPhase.kt:166)
	at org.jetbrains.kotlin.backend.common.phaser.AbstractNamedCompilerPhase.invoke(CompilerPhase.kt:113)
	at org.jetbrains.kotlin.backend.common.phaser.CompositePhase.invoke(PhaseBuilders.kt:29)
	at org.jetbrains.kotlin.backend.common.phaser.CompositePhase.invoke(PhaseBuilders.kt:16)
	at org.jetbrains.kotlin.backend.common.phaser.NamedCompilerPhase.phaseBody(CompilerPhase.kt:166)
	at org.jetbrains.kotlin.backend.common.phaser.AbstractNamedCompilerPhase.invoke(CompilerPhase.kt:113)
	at org.jetbrains.kotlin.backend.common.phaser.CompilerPhaseKt.invokeToplevel(CompilerPhase.kt:62)
	at org.jetbrains.kotlin.backend.jvm.JvmIrCodegenFactory.invokeCodegen(JvmIrCodegenFactory.kt:371)
	at org.jetbrains.kotlin.codegen.CodegenFactory.generateModule(CodegenFactory.kt:47)
	at org.jetbrains.kotlin.backend.jvm.JvmIrCodegenFactory.generateModuleInFrontendIRMode(JvmIrCodegenFactory.kt:433)
	at org.jetbrains.kotlin.cli.jvm.compiler.pipeline.JvmCompilerPipelineKt.generateCodeFromIr(jvmCompilerPipeline.kt:241)
	at org.jetbrains.kotlin.cli.jvm.compiler.pipeline.JvmCompilerPipelineKt.compileModulesUsingFrontendIrAndLightTree(jvmCompilerPipeline.kt:140)
	at org.jetbrains.kotlin.cli.jvm.K2JVMCompiler.doExecute(K2JVMCompiler.kt:155)
	at org.jetbrains.kotlin.cli.jvm.K2JVMCompiler.doExecute(K2JVMCompiler.kt:50)
	at org.jetbrains.kotlin.cli.common.CLICompiler.execImpl(CLICompiler.kt:104)
	at org.jetbrains.kotlin.cli.common.CLICompiler.execImpl(CLICompiler.kt:48)
	at org.jetbrains.kotlin.cli.common.CLITool.exec(CLITool.kt:101)
	at org.jetbrains.kotlin.incremental.IncrementalJvmCompilerRunner.runCompiler(IncrementalJvmCompilerRunner.kt:453)
	at org.jetbrains.kotlin.incremental.IncrementalJvmCompilerRunner.runCompiler(IncrementalJvmCompilerRunner.kt:62)
	at org.jetbrains.kotlin.incremental.IncrementalCompilerRunner.doCompile(IncrementalCompilerRunner.kt:506)
	at org.jetbrains.kotlin.incremental.IncrementalCompilerRunner.compileImpl(IncrementalCompilerRunner.kt:423)
	at org.jetbrains.kotlin.incremental.IncrementalCompilerRunner.tryCompileIncrementally$lambda$9$compile(IncrementalCompilerRunner.kt:249)
	at org.jetbrains.kotlin.incremental.IncrementalCompilerRunner.tryCompileIncrementally(IncrementalCompilerRunner.kt:267)
	at org.jetbrains.kotlin.incremental.IncrementalCompilerRunner.compile(IncrementalCompilerRunner.kt:120)
	at org.jetbrains.kotlin.daemon.CompileServiceImplBase.execIncrementalCompiler(CompileServiceImpl.kt:676)
	at org.jetbrains.kotlin.daemon.CompileServiceImplBase.access$execIncrementalCompiler(CompileServiceImpl.kt:92)
	at org.jetbrains.kotlin.daemon.CompileServiceImpl.compile(CompileServiceImpl.kt:1661)
	at java.base/jdk.internal.reflect.DirectMethodHandleAccessor.invoke(Unknown Source)
	at java.base/java.lang.reflect.Method.invoke(Unknown Source)
	at java.rmi/sun.rmi.server.UnicastServerRef.dispatch(Unknown Source)
	at java.rmi/sun.rmi.transport.Transport$1.run(Unknown Source)
	at java.rmi/sun.rmi.transport.Transport$1.run(Unknown Source)
	at java.base/java.security.AccessController.doPrivileged(Unknown Source)
	at java.rmi/sun.rmi.transport.Transport.serviceCall(Unknown Source)
	at java.rmi/sun.rmi.transport.tcp.TCPTransport.handleMessages(Unknown Source)
	at java.rmi/sun.rmi.transport.tcp.TCPTransport$ConnectionHandler.run0(Unknown Source)
	at java.rmi/sun.rmi.transport.tcp.TCPTransport$ConnectionHandler.lambda$run$0(Unknown Source)
	at java.base/java.security.AccessController.doPrivileged(Unknown Source)
	at java.rmi/sun.rmi.transport.tcp.TCPTransport$ConnectionHandler.run(Unknown Source)
	at java.base/java.util.concurrent.ThreadPoolExecutor.runWorker(Unknown Source)
	at java.base/java.util.concurrent.ThreadPoolExecutor$Worker.run(Unknown Source)
	at java.base/java.lang.Thread.run(Unknown Source)
Caused by: java.lang.RuntimeException: Exception while generating code for:
FUN LOCAL_FUNCTION_FOR_LAMBDA name:RecipeList$lambda$2 visibility:private modality:FINAL <> ($recipes:kotlin.collections.List<com.hcdev.recipe.data.Recipe>, $onRecipeClick:kotlin.Function1<@[ParameterName(name = "recipe")] com.hcdev.recipe.data.Recipe, kotlin.Unit>, $this$LazyColumn:androidx.compose.foundation.lazy.LazyListScope) returnType:kotlin.Unit?
  VALUE_PARAMETER BOUND_VALUE_PARAMETER name:$recipes index:0 type:kotlin.collections.List<com.hcdev.recipe.data.Recipe>
  VALUE_PARAMETER BOUND_VALUE_PARAMETER name:$onRecipeClick index:1 type:kotlin.Function1<@[ParameterName(name = "recipe")] com.hcdev.recipe.data.Recipe, kotlin.Unit>
  VALUE_PARAMETER name:$this$LazyColumn index:2 type:androidx.compose.foundation.lazy.LazyListScope
  BLOCK_BODY
    CALL 'public final fun items$default <T> (items: kotlin.collections.List<T of androidx.compose.foundation.lazy.LazyDslKt.items$default>, key: kotlin.Function1<@[ParameterName(name = "item")] T of androidx.compose.foundation.lazy.LazyDslKt.items$default, kotlin.Any>?, contentType: kotlin.Function1<@[ParameterName(name = "item")] T of androidx.compose.foundation.lazy.LazyDslKt.items$default, kotlin.Any?>?, itemContent: @[Composable] @[ExtensionFunctionType] kotlin.Function2<androidx.compose.foundation.lazy.LazyItemScope, @[ParameterName(name = "item")] T of androidx.compose.foundation.lazy.LazyDslKt.items$default, kotlin.Unit>, $mask0: kotlin.Int, $handler: kotlin.Any?): kotlin.Unit [inline] declared in androidx.compose.foundation.lazy.LazyDslKt' type=kotlin.Unit origin=DEFAULT_DISPATCH_CALL
      <T>: com.hcdev.recipe.data.Recipe
      $receiver: GET_VAR '$this$LazyColumn: androidx.compose.foundation.lazy.LazyListScope declared in com.hcdev.recipe.ui.composables.RecipeListKt.RecipeList$lambda$2' type=androidx.compose.foundation.lazy.LazyListScope origin=null
      items: GET_VAR '$recipes: kotlin.collections.List<com.hcdev.recipe.data.Recipe> declared in com.hcdev.recipe.ui.composables.RecipeListKt.RecipeList$lambda$2' type=kotlin.collections.List<com.hcdev.recipe.data.Recipe> origin=null
      key: BLOCK type=kotlin.Function1<@[ParameterName(name = "item")] com.hcdev.recipe.data.Recipe, kotlin.Any> origin=LAMBDA
        COMPOSITE type=kotlin.Unit origin=null
        CALL 'public final fun <jvm-indy> <T> (dynamicCall: T of kotlin.jvm.internal.<jvm-indy>, bootstrapMethodHandle: kotlin.Any, vararg bootstrapMethodArguments: kotlin.Any): T of kotlin.jvm.internal.<jvm-indy> declared in kotlin.jvm.internal' type=kotlin.Function1<@[ParameterName(name = "item")] com.hcdev.recipe.data.Recipe, kotlin.Any> origin=null
          <T>: kotlin.Function1<@[ParameterName(name = "item")] com.hcdev.recipe.data.Recipe, kotlin.Any>
          dynamicCall: CALL 'public final fun invoke (): kotlin.Function1<@[ParameterName(name = "item")] com.hcdev.recipe.data.Recipe, kotlin.Any> declared in kotlin.jvm.internal.invokeDynamic' type=kotlin.Function1<@[ParameterName(name = "item")] com.hcdev.recipe.data.Recipe, kotlin.Any> origin=null
          bootstrapMethodHandle: CALL 'public final fun <jvm-method-handle> (tag: kotlin.Int, owner: kotlin.String, name: kotlin.String, descriptor: kotlin.String, isInterface: kotlin.Boolean): kotlin.Any declared in kotlin.jvm.internal' type=kotlin.Any origin=null
            tag: CONST Int type=kotlin.Int value=6
            owner: CONST String type=kotlin.String value="java/lang/invoke/LambdaMetafactory"
            name: CONST String type=kotlin.String value="metafactory"
            descriptor: CONST String type=kotlin.String value="(Ljava/lang/invoke/MethodHandles$Lookup;Ljava/lang/String;Ljava/lang/invoke/MethodType;Ljava/lang/invoke/MethodType;Ljava/lang/invoke/MethodHandle;Ljava/lang/invoke/MethodType;)Ljava/lang/invoke/CallSite;"
            isInterface: CONST Boolean type=kotlin.Boolean value=false
          bootstrapMethodArguments: VARARG type=kotlin.Array<kotlin.Any> varargElementType=kotlin.Any
            CALL 'public final fun <jvm-original-method-type> (method: kotlin.Any): kotlin.Any declared in kotlin.jvm.internal' type=kotlin.Any origin=null
              method: RAW_FUNCTION_REFERENCE 'public abstract fun invoke (p1: P1 of kotlin.Function1): R of kotlin.Function1 [operator] declared in kotlin.Function1' type=kotlin.Any
            RAW_FUNCTION_REFERENCE 'private final fun RecipeList$lambda$2$lambda$0 (item: @[ParameterName(name = "item")] com.hcdev.recipe.data.Recipe): kotlin.Any declared in com.hcdev.recipe.ui.composables.RecipeListKt' type=kotlin.Any
            CALL 'public final fun <jvm-original-method-type> (method: kotlin.Any): kotlin.Any declared in kotlin.jvm.internal' type=kotlin.Any origin=null
              method: RAW_FUNCTION_REFERENCE 'public abstract fun invoke (p1: @[ParameterName(name = "item")] com.hcdev.recipe.data.Recipe): kotlin.Any [fake_override,operator] declared in kotlin.jvm.internal.invokeDynamic.<fake>' type=kotlin.Any
      contentType: COMPOSITE type=kotlin.Function1<@[ParameterName(name = "item")] T of androidx.compose.foundation.lazy.LazyDslKt.items$default, kotlin.Any?>? origin=DEFAULT_VALUE
        CONST Null type=kotlin.Function1<@[ParameterName(name = "item")] T of androidx.compose.foundation.lazy.LazyDslKt.items$default, kotlin.Any?>? value=null
      itemContent: BLOCK type=@[ExtensionFunctionType] kotlin.Function2<androidx.compose.foundation.lazy.LazyItemScope, @[ParameterName(name = "item")] com.hcdev.recipe.data.Recipe, kotlin.Unit> origin=LAMBDA
        COMPOSITE type=kotlin.Unit origin=null
        FUNCTION_REFERENCE 'private final fun RecipeList$lambda$2$lambda$1 ($onRecipeClick: kotlin.Function1<@[ParameterName(name = "recipe")] com.hcdev.recipe.data.Recipe, kotlin.Unit>, item: @[ParameterName(name = "item")] com.hcdev.recipe.data.Recipe): kotlin.Unit declared in com.hcdev.recipe.ui.composables.RecipeListKt' type=@[ExtensionFunctionType] kotlin.Function2<androidx.compose.foundation.lazy.LazyItemScope, @[ParameterName(name = "item")] com.hcdev.recipe.data.Recipe, kotlin.Unit> origin=INLINE_LAMBDA reflectionTarget=null
          $onRecipeClick: GET_VAR '$onRecipeClick: kotlin.Function1<@[ParameterName(name = "recipe")] com.hcdev.recipe.data.Recipe, kotlin.Unit> declared in com.hcdev.recipe.ui.composables.RecipeListKt.RecipeList$lambda$2' type=kotlin.Function1<@[ParameterName(name = "recipe")] com.hcdev.recipe.data.Recipe, kotlin.Unit> origin=null
      $mask0: CONST Int type=kotlin.Int value=4
      $handler: CONST Null type=kotlin.Any? value=null

	at org.jetbrains.kotlin.backend.jvm.codegen.FunctionCodegen.generate(FunctionCodegen.kt:50)
	at org.jetbrains.kotlin.backend.jvm.codegen.FunctionCodegen.generate$default(FunctionCodegen.kt:42)
	at org.jetbrains.kotlin.backend.jvm.codegen.ClassCodegen.generateMethodNode(ClassCodegen.kt:385)
	at org.jetbrains.kotlin.backend.jvm.codegen.ClassCodegen.generateMethod(ClassCodegen.kt:402)
	at org.jetbrains.kotlin.backend.jvm.codegen.ClassCodegen.generate(ClassCodegen.kt:169)
	at org.jetbrains.kotlin.backend.jvm.FileCodegen.lower(JvmPhases.kt:41)
	at org.jetbrains.kotlin.backend.common.phaser.PhaseBuildersKt.makeIrFilePhase$lambda$5(PhaseBuilders.kt:114)
	at org.jetbrains.kotlin.backend.common.phaser.PhaseBuildersKt$createSimpleNamedCompilerPhase$1.phaseBody(PhaseBuilders.kt:71)
	at org.jetbrains.kotlin.backend.common.phaser.SimpleNamedCompilerPhase.phaseBody(CompilerPhase.kt:226)
	at org.jetbrains.kotlin.backend.common.phaser.AbstractNamedCompilerPhase.invoke(CompilerPhase.kt:113)
	at org.jetbrains.kotlin.backend.common.phaser.PerformByIrFilePhase.invokeSequential(performByIrFile.kt:62)
	... 44 more
Caused by: org.jetbrains.kotlin.codegen.CompilationException: Back-end (JVM) Internal error: Couldn't inline method call: CALL 'public final fun items$default <T> (items: kotlin.collections.List<T of androidx.compose.foundation.lazy.LazyDslKt.items$default>, key: kotlin.Function1<@[ParameterName(name = "item")] T of androidx.compose.foundation.lazy.LazyDslKt.items$default, kotlin.Any>?, contentType: kotlin.Function1<@[ParameterName(name = "item")] T of androidx.compose.foundation.lazy.LazyDslKt.items$default, kotlin.Any?>?, itemContent: @[Composable] @[ExtensionFunctionType] kotlin.Function2<androidx.compose.foundation.lazy.LazyItemScope, @[ParameterName(name = "item")] T of androidx.compose.foundation.lazy.LazyDslKt.items$default, kotlin.Unit>, $mask0: kotlin.Int, $handler: kotlin.Any?): kotlin.Unit [inline] declared in androidx.compose.foundation.lazy.LazyDslKt' type=kotlin.Unit origin=DEFAULT_DISPATCH_CALL
Method: null
File is unknown
The root cause java.lang.IllegalStateException was thrown at: org.jetbrains.kotlin.codegen.inline.SourceCompilerForInlineKt.getMethodNode(SourceCompilerForInline.kt:118)
	at org.jetbrains.kotlin.codegen.inline.InlineCodegen.performInline(InlineCodegen.kt:65)
	at org.jetbrains.kotlin.backend.jvm.codegen.IrInlineCodegen.genInlineCall(IrInlineCodegen.kt:162)
	at org.jetbrains.kotlin.backend.jvm.codegen.IrInlineCallGenerator.genCall(IrInlineCallGenerator.kt:36)
	at org.jetbrains.kotlin.backend.jvm.codegen.ExpressionCodegen.visitCall(ExpressionCodegen.kt:647)
	at org.jetbrains.kotlin.backend.jvm.codegen.ExpressionCodegen.visitCall(ExpressionCodegen.kt:137)
	at org.jetbrains.kotlin.ir.expressions.IrCall.accept(IrCall.kt:24)
	at org.jetbrains.kotlin.backend.jvm.codegen.ExpressionCodegen.visitStatementContainer(ExpressionCodegen.kt:573)
	at org.jetbrains.kotlin.backend.jvm.codegen.ExpressionCodegen.visitBlockBody(ExpressionCodegen.kt:578)
	at org.jetbrains.kotlin.backend.jvm.codegen.ExpressionCodegen.visitBlockBody(ExpressionCodegen.kt:137)
	at org.jetbrains.kotlin.ir.expressions.IrBlockBody.accept(IrBlockBody.kt:20)
	at org.jetbrains.kotlin.backend.jvm.codegen.ExpressionCodegen.generate(ExpressionCodegen.kt:239)
	at org.jetbrains.kotlin.backend.jvm.codegen.FunctionCodegen.doGenerate(FunctionCodegen.kt:121)
	at org.jetbrains.kotlin.backend.jvm.codegen.FunctionCodegen.generate(FunctionCodegen.kt:46)
	... 54 more
Caused by: java.lang.IllegalStateException: couldn't find inline method Landroidx/compose/foundation/lazy/LazyDslKt;.items$default(Landroidx/compose/foundation/lazy/LazyListScope;Ljava/util/List;Lkotlin/jvm/functions/Function1;Lkotlin/jvm/functions/Function1;Lkotlin/jvm/functions/Function2;ILjava/lang/Object;)V
	at org.jetbrains.kotlin.codegen.inline.SourceCompilerForInlineKt.getMethodNode(SourceCompilerForInline.kt:118)
	at org.jetbrains.kotlin.codegen.inline.SourceCompilerForInlineKt.loadCompiledInlineFunction(SourceCompilerForInline.kt:96)
	at org.jetbrains.kotlin.backend.jvm.codegen.IrSourceCompilerForInline.compileInlineFunction(IrSourceCompilerForInline.kt:91)
	at org.jetbrains.kotlin.codegen.inline.InlineCodegen.compileInline(InlineCodegen.kt:43)
	at org.jetbrains.kotlin.codegen.inline.InlineCodegen.performInline(InlineCodegen.kt:51)
	... 66 more


